<?xml version="1.0" encoding="UTF-8"?>
<!-- Generated by org.testng.reporters.JUnitXMLReporter -->
<testsuite ignored="4" hostname="DESKTOP-S02LODF" failures="0" tests="14" name="ChromeTest" time="168.743" errors="0" timestamp="2023-07-05T21:57:05 IST">
  <testcase classname="execute.page.classes.LoginPageTestClass" name="verifySuccessfulLogin" time="2.16"/>
  <testcase classname="execute.page.classes.LoginPageTestClass" name="verifyUnSuccessfulLogin" time="0.748"/>
  <testcase classname="execute.page.classes.LoginPageTestClass" name="verifyUnSuccessfulLogin" time="0.793"/>
  <testcase classname="execute.page.classes.LoginPageTestClass" name="verifyUnSuccessfulLogin" time="0.856"/>
  <testcase classname="execute.page.classes.LoginPageTestClass" name="verifyRemenberMeCheckboxIsSelectedOrNotByDefault" time="0.051"/>
  <testcase classname="execute.page.classes.HomePageTestClass" name="verifyAllTilesAreDisplyedOrNotInHomePage" time="3.161"/>
  <testcase classname="execute.page.classes.ManageExpensePageTestClass" name="verifyManageExpencePageIsDisplayedOrNot" time="1.931"/>
  <testcase classname="execute.page.classes.ManageExpensePageTestClass" name="verifyToCreateNewManageExpense" time="14.265"/>
  <testcase classname="execute.page.classes.ManageExpensePageTestClass" name="verifyToSearchCreatedManageExpense" time="3.735"/>
  <testcase classname="execute.page.classes.ManageProductPageTestClass" name="verifyToSearchCreatedExpense" time="2.865"/>
  <testcase classname="execute.page.classes.ExpenseCatogoryPageTestClass" name="verifyManageExpenceCatogoryPageIsDisplayedOrNot" time="2.4"/>
  <testcase classname="execute.page.classes.ExpenseCatogoryPageTestClass" name="verifyToCreateNewExpense" time="2.939"/>
  <testcase classname="execute.page.classes.ExpenseCatogoryPageTestClass" name="verifyToSearchCreatedExpense" time="2.354"/>
  <testcase classname="execute.page.classes.ExpenseCatogoryPageTestClass" name="verifyToDeleteCreatedExpense" time="2.567"/>
  <testcase classname="execute.page.classes.BaseClass" name="@BeforeSuite createReport" time="0.0">
    <ignored/>
  </testcase> <!-- @BeforeSuite createReport -->
  <testcase classname="execute.page.classes.BaseClass" name="@BeforeSuite createReport" time="0.0">
    <ignored/>
  </testcase> <!-- @BeforeSuite createReport -->
  <testcase classname="execute.page.classes.BaseClass" name="@BeforeSuite createReport" time="0.0">
    <ignored/>
  </testcase> <!-- @BeforeSuite createReport -->
  <testcase classname="execute.page.classes.BaseClass" name="@BeforeSuite createReport" time="0.0">
    <ignored/>
  </testcase> <!-- @BeforeSuite createReport -->
</testsuite> <!-- ChromeTest -->
