<?xml version="1.0" encoding="UTF-8"?>
<!-- Generated by org.testng.reporters.JUnitXMLReporter -->
<testsuite ignored="4" hostname="DESKTOP-S02LODF" failures="0" tests="14" name="EdgeTest" time="162.39" errors="0" timestamp="2023-07-05T21:59:48 IST">
  <testcase classname="execute.page.classes.LoginPageTestClass" name="verifySuccessfulLogin" time="1.975"/>
  <testcase classname="execute.page.classes.LoginPageTestClass" name="verifyUnSuccessfulLogin" time="0.832"/>
  <testcase classname="execute.page.classes.LoginPageTestClass" name="verifyUnSuccessfulLogin" time="0.771"/>
  <testcase classname="execute.page.classes.LoginPageTestClass" name="verifyUnSuccessfulLogin" time="0.611"/>
  <testcase classname="execute.page.classes.LoginPageTestClass" name="verifyRemenberMeCheckboxIsSelectedOrNotByDefault" time="0.06"/>
  <testcase classname="execute.page.classes.HomePageTestClass" name="verifyAllTilesAreDisplyedOrNotInHomePage" time="1.838"/>
  <testcase classname="execute.page.classes.ManageExpensePageTestClass" name="verifyManageExpencePageIsDisplayedOrNot" time="2.08"/>
  <testcase classname="execute.page.classes.ManageExpensePageTestClass" name="verifyToCreateNewManageExpense" time="9.954"/>
  <testcase classname="execute.page.classes.ManageExpensePageTestClass" name="verifyToSearchCreatedManageExpense" time="4.82"/>
  <testcase classname="execute.page.classes.ManageProductPageTestClass" name="verifyToSearchCreatedExpense" time="2.301"/>
  <testcase classname="execute.page.classes.ExpenseCatogoryPageTestClass" name="verifyManageExpenceCatogoryPageIsDisplayedOrNot" time="1.875"/>
  <testcase classname="execute.page.classes.ExpenseCatogoryPageTestClass" name="verifyToCreateNewExpense" time="3.065"/>
  <testcase classname="execute.page.classes.ExpenseCatogoryPageTestClass" name="verifyToSearchCreatedExpense" time="2.308"/>
  <testcase classname="execute.page.classes.ExpenseCatogoryPageTestClass" name="verifyToDeleteCreatedExpense" time="2.794"/>
  <testcase classname="execute.page.classes.BaseClass" name="@BeforeSuite createReport" time="0.0">
    <ignored/>
  </testcase> <!-- @BeforeSuite createReport -->
  <testcase classname="execute.page.classes.BaseClass" name="@BeforeSuite createReport" time="0.0">
    <ignored/>
  </testcase> <!-- @BeforeSuite createReport -->
  <testcase classname="execute.page.classes.BaseClass" name="@BeforeSuite createReport" time="0.0">
    <ignored/>
  </testcase> <!-- @BeforeSuite createReport -->
  <testcase classname="execute.page.classes.BaseClass" name="@BeforeSuite createReport" time="0.0">
    <ignored/>
  </testcase> <!-- @BeforeSuite createReport -->
</testsuite> <!-- EdgeTest -->
