<?xml version="1.0" encoding="UTF-8"?>
<!-- Generated by org.testng.reporters.JUnitXMLReporter -->
<testsuite ignored="4" hostname="DESKTOP-S02LODF" failures="0" tests="15" name="ParallelTest" time="141.074" errors="0" timestamp="2023-07-05T20:36:48 IST">
  <testcase classname="execute.page.classes.HomePageTestClass" name="verifyAllTilesAreDisplyedOrNotInHomePage" time="1.95"/>
  <testcase classname="execute.page.classes.ManageProductPageTestClass" name="verifyToSearchCreatedExpense" time="2.466"/>
  <testcase classname="execute.page.classes.ExpenseCatogoryPageTestClass" name="verifyManageExpenceCatogoryPageIsDisplayedOrNot" time="1.515"/>
  <testcase classname="execute.page.classes.ManageExpensePageTestClass" name="verifyManageExpencePageIsDisplayedOrNot" time="2.318"/>
  <testcase classname="execute.page.classes.LoginPageTestClass" name="verifySuccessfulLogin" time="1.253"/>
  <testcase classname="execute.page.classes.ExpenseCatogoryPageTestClass" name="verifyToCreateNewExpense" time="3.039"/>
  <testcase classname="execute.page.classes.ManageExpensePageTestClass" name="verifyToCreateNewManageExpense" time="6.678">
    <skipped/>
  </testcase> <!-- verifyToCreateNewManageExpense -->
  <testcase classname="execute.page.classes.ManageExpensePageTestClass" name="verifyToCreateNewManageExpense" time="6.025"/>
  <testcase classname="execute.page.classes.LoginPageTestClass" name="verifyUnSuccessfulLogin" time="0.542"/>
  <testcase classname="execute.page.classes.LoginPageTestClass" name="verifyUnSuccessfulLogin" time="0.585"/>
  <testcase classname="execute.page.classes.LoginPageTestClass" name="verifyUnSuccessfulLogin" time="0.791"/>
  <testcase classname="execute.page.classes.LoginPageTestClass" name="verifyRemenberMeCheckboxIsSelectedOrNotByDefault" time="0.065"/>
  <testcase classname="execute.page.classes.ExpenseCatogoryPageTestClass" name="verifyToSearchCreatedExpense" time="2.247"/>
  <testcase classname="execute.page.classes.ManageExpensePageTestClass" name="verifyToSearchCreatedManageExpense" time="3.781"/>
  <testcase classname="execute.page.classes.ExpenseCatogoryPageTestClass" name="verifyToDeleteCreatedExpense" time="3.209"/>
  <testcase classname="execute.page.classes.BaseClass" name="@BeforeSuite createReport" time="0.0">
    <ignored/>
  </testcase> <!-- @BeforeSuite createReport -->
  <testcase classname="execute.page.classes.BaseClass" name="@BeforeSuite createReport" time="0.0">
    <ignored/>
  </testcase> <!-- @BeforeSuite createReport -->
  <testcase classname="execute.page.classes.BaseClass" name="@BeforeSuite createReport" time="0.0">
    <ignored/>
  </testcase> <!-- @BeforeSuite createReport -->
  <testcase classname="execute.page.classes.BaseClass" name="@BeforeSuite createReport" time="0.0">
    <ignored/>
  </testcase> <!-- @BeforeSuite createReport -->
</testsuite> <!-- ParallelTest -->
