<?xml version="1.0" encoding="UTF-8"?>
<!-- Generated by org.testng.reporters.JUnitXMLReporter -->
<testsuite ignored="3" hostname="DESKTOP-S02LODF" failures="0" tests="9" name="Test" time="96.681" errors="0" timestamp="2023-07-05T20:33:00 IST">
  <testcase classname="execute.page.classes.HomePageTestClass" name="verifyAllTilesAreDisplyedOrNotInHomePage" time="1.863"/>
  <testcase classname="execute.page.classes.ManageExpensePageTestClass" name="verifyManageExpencePageIsDisplayedOrNot" time="1.855"/>
  <testcase classname="execute.page.classes.ManageExpensePageTestClass" name="verifyToCreateNewManageExpense" time="8.431"/>
  <testcase classname="execute.page.classes.ManageExpensePageTestClass" name="verifyToSearchCreatedManageExpense" time="3.55"/>
  <testcase classname="execute.page.classes.ManageProductPageTestClass" name="verifyToSearchCreatedExpense" time="2.604"/>
  <testcase classname="execute.page.classes.ExpenseCatogoryPageTestClass" name="verifyManageExpenceCatogoryPageIsDisplayedOrNot" time="1.653"/>
  <testcase classname="execute.page.classes.ExpenseCatogoryPageTestClass" name="verifyToCreateNewExpense" time="2.158"/>
  <testcase classname="execute.page.classes.ExpenseCatogoryPageTestClass" name="verifyToSearchCreatedExpense" time="2.132"/>
  <testcase classname="execute.page.classes.ExpenseCatogoryPageTestClass" name="verifyToDeleteCreatedExpense" time="2.523"/>
  <testcase classname="execute.page.classes.BaseClass" name="@BeforeSuite createReport" time="0.0">
    <ignored/>
  </testcase> <!-- @BeforeSuite createReport -->
  <testcase classname="execute.page.classes.BaseClass" name="@BeforeSuite createReport" time="0.0">
    <ignored/>
  </testcase> <!-- @BeforeSuite createReport -->
  <testcase classname="execute.page.classes.BaseClass" name="@BeforeSuite createReport" time="0.0">
    <ignored/>
  </testcase> <!-- @BeforeSuite createReport -->
</testsuite> <!-- Test -->
