<?xml version="1.0" encoding="UTF-8"?>
<testng-results ignored="0" total="3" passed="3" failed="0" skipped="0">
  <reporter-output>
  </reporter-output>
  <suite started-at="2023-06-26T12:56:28 IST" name="Default suite" finished-at="2023-06-26T12:57:03 IST" duration-ms="34732">
    <groups>
    </groups>
    <test started-at="2023-06-26T12:56:28 IST" name="Default test" finished-at="2023-06-26T12:57:03 IST" duration-ms="34732">
      <class name="execute.page.classes.ManageExpensePageTestClass">
        <test-method is-config="true" signature="beforeMethod()[pri:0, instance:execute.page.classes.ManageExpensePageTestClass@4b013c76]" started-at="2023-06-26T12:56:29 IST" name="beforeMethod" finished-at="2023-06-26T12:56:36 IST" duration-ms="7359" status="PASS">
          <reporter-output>
          </reporter-output>
        </test-method> <!-- beforeMethod -->
        <test-method signature="verifyManageExpencePageIsDisplayedOrNot()[pri:1, instance:execute.page.classes.ManageExpensePageTestClass@4b013c76]" started-at="2023-06-26T12:56:36 IST" name="verifyManageExpencePageIsDisplayedOrNot" finished-at="2023-06-26T12:56:38 IST" duration-ms="2185" status="PASS">
          <reporter-output>
          </reporter-output>
        </test-method> <!-- verifyManageExpencePageIsDisplayedOrNot -->
        <test-method is-config="true" signature="afterMethod()[pri:0, instance:execute.page.classes.ManageExpensePageTestClass@4b013c76]" started-at="2023-06-26T12:56:38 IST" name="afterMethod" finished-at="2023-06-26T12:56:39 IST" duration-ms="743" status="PASS">
          <reporter-output>
          </reporter-output>
        </test-method> <!-- afterMethod -->
        <test-method is-config="true" signature="beforeMethod()[pri:0, instance:execute.page.classes.ManageExpensePageTestClass@4b013c76]" started-at="2023-06-26T12:56:39 IST" name="beforeMethod" finished-at="2023-06-26T12:56:44 IST" duration-ms="5429" status="PASS">
          <reporter-output>
          </reporter-output>
        </test-method> <!-- beforeMethod -->
        <test-method signature="verifyToCreateNewManageExpense()[pri:2, instance:execute.page.classes.ManageExpensePageTestClass@4b013c76]" started-at="2023-06-26T12:56:44 IST" name="verifyToCreateNewManageExpense" finished-at="2023-06-26T12:56:50 IST" duration-ms="6156" status="PASS">
          <reporter-output>
          </reporter-output>
        </test-method> <!-- verifyToCreateNewManageExpense -->
        <test-method is-config="true" signature="afterMethod()[pri:0, instance:execute.page.classes.ManageExpensePageTestClass@4b013c76]" started-at="2023-06-26T12:56:50 IST" name="afterMethod" finished-at="2023-06-26T12:56:52 IST" duration-ms="1199" status="PASS">
          <reporter-output>
          </reporter-output>
        </test-method> <!-- afterMethod -->
        <test-method is-config="true" signature="beforeMethod()[pri:0, instance:execute.page.classes.ManageExpensePageTestClass@4b013c76]" started-at="2023-06-26T12:56:52 IST" name="beforeMethod" finished-at="2023-06-26T12:56:59 IST" duration-ms="7219" status="PASS">
          <reporter-output>
          </reporter-output>
        </test-method> <!-- beforeMethod -->
        <test-method signature="verifyToSearchCreatedManageExpense()[pri:3, instance:execute.page.classes.ManageExpensePageTestClass@4b013c76]" started-at="2023-06-26T12:56:59 IST" name="verifyToSearchCreatedManageExpense" finished-at="2023-06-26T12:57:02 IST" duration-ms="3579" status="PASS">
          <reporter-output>
          </reporter-output>
        </test-method> <!-- verifyToSearchCreatedManageExpense -->
        <test-method is-config="true" signature="afterMethod()[pri:0, instance:execute.page.classes.ManageExpensePageTestClass@4b013c76]" started-at="2023-06-26T12:57:02 IST" name="afterMethod" finished-at="2023-06-26T12:57:03 IST" duration-ms="756" status="PASS">
          <reporter-output>
          </reporter-output>
        </test-method> <!-- afterMethod -->
      </class> <!-- execute.page.classes.ManageExpensePageTestClass -->
    </test> <!-- Default test -->
  </suite> <!-- Default suite -->
</testng-results>
