<?xml version="1.0" encoding="UTF-8"?>
<testng-results ignored="8" total="36" passed="28" failed="0" skipped="0">
  <reporter-output>
  </reporter-output>
  <suite started-at="2023-07-05T21:54:16 IST" name="Suite" finished-at="2023-07-05T21:59:48 IST" duration-ms="332126">
    <groups>
      <group name="search">
        <method signature="ManageProductPageTestClass.verifyToSearchCreatedExpense()[pri:0, instance:execute.page.classes.ManageProductPageTestClass@22bac7bc]" name="verifyToSearchCreatedExpense" class="execute.page.classes.ManageProductPageTestClass"/>
        <method signature="ExpenseCatogoryPageTestClass.verifyToSearchCreatedExpense()[pri:3, instance:execute.page.classes.ExpenseCatogoryPageTestClass@63798ca7]" name="verifyToSearchCreatedExpense" class="execute.page.classes.ExpenseCatogoryPageTestClass"/>
        <method signature="ManageExpensePageTestClass.verifyToSearchCreatedManageExpense()[pri:3, instance:execute.page.classes.ManageExpensePageTestClass@46944ca9]" name="verifyToSearchCreatedManageExpense" class="execute.page.classes.ManageExpensePageTestClass"/>
        <method signature="ManageProductPageTestClass.verifyToSearchCreatedExpense()[pri:0, instance:execute.page.classes.ManageProductPageTestClass@1852a3ff]" name="verifyToSearchCreatedExpense" class="execute.page.classes.ManageProductPageTestClass"/>
        <method signature="ExpenseCatogoryPageTestClass.verifyToSearchCreatedExpense()[pri:3, instance:execute.page.classes.ExpenseCatogoryPageTestClass@7203c7ff]" name="verifyToSearchCreatedExpense" class="execute.page.classes.ExpenseCatogoryPageTestClass"/>
        <method signature="ManageExpensePageTestClass.verifyToSearchCreatedManageExpense()[pri:3, instance:execute.page.classes.ManageExpensePageTestClass@93cf163]" name="verifyToSearchCreatedManageExpense" class="execute.page.classes.ManageExpensePageTestClass"/>
      </group> <!-- search -->
      <group name="create">
        <method signature="ExpenseCatogoryPageTestClass.verifyToCreateNewExpense()[pri:2, instance:execute.page.classes.ExpenseCatogoryPageTestClass@63798ca7]" name="verifyToCreateNewExpense" class="execute.page.classes.ExpenseCatogoryPageTestClass"/>
        <method signature="ManageExpensePageTestClass.verifyToCreateNewManageExpense()[pri:2, instance:execute.page.classes.ManageExpensePageTestClass@46944ca9]" name="verifyToCreateNewManageExpense" class="execute.page.classes.ManageExpensePageTestClass"/>
        <method signature="ExpenseCatogoryPageTestClass.verifyToCreateNewExpense()[pri:2, instance:execute.page.classes.ExpenseCatogoryPageTestClass@7203c7ff]" name="verifyToCreateNewExpense" class="execute.page.classes.ExpenseCatogoryPageTestClass"/>
        <method signature="ManageExpensePageTestClass.verifyToCreateNewManageExpense()[pri:2, instance:execute.page.classes.ManageExpensePageTestClass@93cf163]" name="verifyToCreateNewManageExpense" class="execute.page.classes.ManageExpensePageTestClass"/>
      </group> <!-- create -->
      <group name="delete">
        <method signature="ExpenseCatogoryPageTestClass.verifyToDeleteCreatedExpense()[pri:4, instance:execute.page.classes.ExpenseCatogoryPageTestClass@63798ca7]" name="verifyToDeleteCreatedExpense" class="execute.page.classes.ExpenseCatogoryPageTestClass"/>
        <method signature="ExpenseCatogoryPageTestClass.verifyToDeleteCreatedExpense()[pri:4, instance:execute.page.classes.ExpenseCatogoryPageTestClass@7203c7ff]" name="verifyToDeleteCreatedExpense" class="execute.page.classes.ExpenseCatogoryPageTestClass"/>
      </group> <!-- delete -->
      <group name="group1">
        <method signature="HomePageTestClass.verifyAllTilesAreDisplyedOrNotInHomePage()[pri:0, instance:execute.page.classes.HomePageTestClass@487db668]" name="verifyAllTilesAreDisplyedOrNotInHomePage" class="execute.page.classes.HomePageTestClass"/>
        <method signature="ExpenseCatogoryPageTestClass.verifyManageExpenceCatogoryPageIsDisplayedOrNot()[pri:1, instance:execute.page.classes.ExpenseCatogoryPageTestClass@63798ca7]" name="verifyManageExpenceCatogoryPageIsDisplayedOrNot" class="execute.page.classes.ExpenseCatogoryPageTestClass"/>
        <method signature="ManageExpensePageTestClass.verifyManageExpencePageIsDisplayedOrNot()[pri:1, instance:execute.page.classes.ManageExpensePageTestClass@46944ca9]" name="verifyManageExpencePageIsDisplayedOrNot" class="execute.page.classes.ManageExpensePageTestClass"/>
        <method signature="HomePageTestClass.verifyAllTilesAreDisplyedOrNotInHomePage()[pri:0, instance:execute.page.classes.HomePageTestClass@222eb8aa]" name="verifyAllTilesAreDisplyedOrNotInHomePage" class="execute.page.classes.HomePageTestClass"/>
        <method signature="ExpenseCatogoryPageTestClass.verifyManageExpenceCatogoryPageIsDisplayedOrNot()[pri:1, instance:execute.page.classes.ExpenseCatogoryPageTestClass@7203c7ff]" name="verifyManageExpenceCatogoryPageIsDisplayedOrNot" class="execute.page.classes.ExpenseCatogoryPageTestClass"/>
        <method signature="ManageExpensePageTestClass.verifyManageExpencePageIsDisplayedOrNot()[pri:1, instance:execute.page.classes.ManageExpensePageTestClass@93cf163]" name="verifyManageExpencePageIsDisplayedOrNot" class="execute.page.classes.ManageExpensePageTestClass"/>
      </group> <!-- group1 -->
    </groups>
    <test started-at="2023-07-05T21:54:16 IST" name="ChromeTest" finished-at="2023-07-05T21:57:04 IST" duration-ms="168743">
      <class name="execute.page.classes.ManageProductPageTestClass">
        <test-method is-config="true" signature="beforeMethod(java.lang.String)[pri:0, instance:execute.page.classes.ManageProductPageTestClass@22bac7bc]" started-at="2023-07-05T21:56:17 IST" name="beforeMethod" finished-at="2023-07-05T21:56:23 IST" duration-ms="6045" status="PASS">
          <params>
            <param index="0">
              <value>
                <![CDATA[chrome]]>
              </value>
            </param>
          </params>
          <reporter-output>
          </reporter-output>
        </test-method> <!-- beforeMethod -->
        <test-method signature="verifyToSearchCreatedExpense()[pri:0, instance:execute.page.classes.ManageProductPageTestClass@22bac7bc]" started-at="2023-07-05T21:56:23 IST" name="verifyToSearchCreatedExpense" finished-at="2023-07-05T21:56:26 IST" duration-ms="2865" status="PASS">
          <reporter-output>
          </reporter-output>
        </test-method> <!-- verifyToSearchCreatedExpense -->
        <test-method is-config="true" signature="afterMethod(org.testng.ITestResult)[pri:0, instance:execute.page.classes.ManageProductPageTestClass@22bac7bc]" started-at="2023-07-05T21:56:26 IST" name="afterMethod" finished-at="2023-07-05T21:56:27 IST" duration-ms="884" status="PASS">
          <params>
            <param index="0">
              <value>
                <![CDATA[[TestResult name=verifyToSearchCreatedExpense status=SUCCESS method=ManageProductPageTestClass.verifyToSearchCreatedExpense()[pri:0, instance:execute.page.classes.ManageProductPageTestClass@22bac7bc] output={null}]]]>
              </value>
            </param>
          </params>
          <reporter-output>
          </reporter-output>
        </test-method> <!-- afterMethod -->
      </class> <!-- execute.page.classes.ManageProductPageTestClass -->
      <class name="execute.page.classes.LoginPageTestClass">
        <test-method is-config="true" signature="beforeMethod(java.lang.String)[pri:0, instance:execute.page.classes.LoginPageTestClass@2c1156a7]" started-at="2023-07-05T21:54:16 IST" name="beforeMethod" finished-at="2023-07-05T21:54:48 IST" duration-ms="32181" status="PASS">
          <params>
            <param index="0">
              <value>
                <![CDATA[chrome]]>
              </value>
            </param>
          </params>
          <reporter-output>
          </reporter-output>
        </test-method> <!-- beforeMethod -->
        <test-method signature="verifySuccessfulLogin(java.lang.String,java.lang.String)[pri:1, instance:execute.page.classes.LoginPageTestClass@2c1156a7]" started-at="2023-07-05T21:54:48 IST" name="verifySuccessfulLogin" data-provider="SuccessfulLoginDp" finished-at="2023-07-05T21:54:50 IST" duration-ms="2160" status="PASS">
          <params>
            <param index="0">
              <value>
                <![CDATA[admin]]>
              </value>
            </param>
            <param index="1">
              <value>
                <![CDATA[admin]]>
              </value>
            </param>
          </params>
          <reporter-output>
          </reporter-output>
        </test-method> <!-- verifySuccessfulLogin -->
        <test-method is-config="true" signature="afterMethod(org.testng.ITestResult)[pri:0, instance:execute.page.classes.LoginPageTestClass@2c1156a7]" started-at="2023-07-05T21:54:50 IST" name="afterMethod" finished-at="2023-07-05T21:54:51 IST" duration-ms="1095" status="PASS">
          <params>
            <param index="0">
              <value>
                <![CDATA[[TestResult name=verifySuccessfulLogin status=SUCCESS method=LoginPageTestClass.verifySuccessfulLogin(java.lang.String,java.lang.String)[pri:1, instance:execute.page.classes.LoginPageTestClass@2c1156a7] output={null}]]]>
              </value>
            </param>
          </params>
          <reporter-output>
          </reporter-output>
        </test-method> <!-- afterMethod -->
        <test-method is-config="true" signature="beforeMethod(java.lang.String)[pri:0, instance:execute.page.classes.LoginPageTestClass@2c1156a7]" started-at="2023-07-05T21:54:51 IST" name="beforeMethod" finished-at="2023-07-05T21:54:59 IST" duration-ms="7676" status="PASS">
          <params>
            <param index="0">
              <value>
                <![CDATA[chrome]]>
              </value>
            </param>
          </params>
          <reporter-output>
          </reporter-output>
        </test-method> <!-- beforeMethod -->
        <test-method signature="verifyUnSuccessfulLogin(java.lang.String,java.lang.String)[pri:2, instance:execute.page.classes.LoginPageTestClass@2c1156a7]" started-at="2023-07-05T21:54:59 IST" name="verifyUnSuccessfulLogin" data-provider="UnsuccessfulLoginDp" finished-at="2023-07-05T21:55:00 IST" duration-ms="748" status="PASS">
          <params>
            <param index="0">
              <value>
                <![CDATA[admin]]>
              </value>
            </param>
            <param index="1">
              <value>
                <![CDATA[1234]]>
              </value>
            </param>
          </params>
          <reporter-output>
          </reporter-output>
        </test-method> <!-- verifyUnSuccessfulLogin -->
        <test-method is-config="true" signature="afterMethod(org.testng.ITestResult)[pri:0, instance:execute.page.classes.LoginPageTestClass@2c1156a7]" started-at="2023-07-05T21:55:00 IST" name="afterMethod" finished-at="2023-07-05T21:55:01 IST" duration-ms="750" status="PASS">
          <params>
            <param index="0">
              <value>
                <![CDATA[[TestResult name=verifyUnSuccessfulLogin status=SUCCESS method=LoginPageTestClass.verifyUnSuccessfulLogin(java.lang.String,java.lang.String)[pri:2, instance:execute.page.classes.LoginPageTestClass@2c1156a7] output={null}]]]>
              </value>
            </param>
          </params>
          <reporter-output>
          </reporter-output>
        </test-method> <!-- afterMethod -->
        <test-method is-config="true" signature="beforeMethod(java.lang.String)[pri:0, instance:execute.page.classes.LoginPageTestClass@2c1156a7]" started-at="2023-07-05T21:55:01 IST" name="beforeMethod" finished-at="2023-07-05T21:55:09 IST" duration-ms="8464" status="PASS">
          <params>
            <param index="0">
              <value>
                <![CDATA[chrome]]>
              </value>
            </param>
          </params>
          <reporter-output>
          </reporter-output>
        </test-method> <!-- beforeMethod -->
        <test-method signature="verifyUnSuccessfulLogin(java.lang.String,java.lang.String)[pri:2, instance:execute.page.classes.LoginPageTestClass@2c1156a7]" started-at="2023-07-05T21:55:09 IST" name="verifyUnSuccessfulLogin" data-provider="UnsuccessfulLoginDp" finished-at="2023-07-05T21:55:10 IST" duration-ms="793" status="PASS">
          <params>
            <param index="0">
              <value>
                <![CDATA[welcome]]>
              </value>
            </param>
            <param index="1">
              <value>
                <![CDATA[admin]]>
              </value>
            </param>
          </params>
          <reporter-output>
          </reporter-output>
        </test-method> <!-- verifyUnSuccessfulLogin -->
        <test-method is-config="true" signature="afterMethod(org.testng.ITestResult)[pri:0, instance:execute.page.classes.LoginPageTestClass@2c1156a7]" started-at="2023-07-05T21:55:10 IST" name="afterMethod" finished-at="2023-07-05T21:55:11 IST" duration-ms="694" status="PASS">
          <params>
            <param index="0">
              <value>
                <![CDATA[[TestResult name=verifyUnSuccessfulLogin status=SUCCESS method=LoginPageTestClass.verifyUnSuccessfulLogin(java.lang.String,java.lang.String)[pri:2, instance:execute.page.classes.LoginPageTestClass@2c1156a7] output={null}]]]>
              </value>
            </param>
          </params>
          <reporter-output>
          </reporter-output>
        </test-method> <!-- afterMethod -->
        <test-method is-config="true" signature="beforeMethod(java.lang.String)[pri:0, instance:execute.page.classes.LoginPageTestClass@2c1156a7]" started-at="2023-07-05T21:55:11 IST" name="beforeMethod" finished-at="2023-07-05T21:55:17 IST" duration-ms="6089" status="PASS">
          <params>
            <param index="0">
              <value>
                <![CDATA[chrome]]>
              </value>
            </param>
          </params>
          <reporter-output>
          </reporter-output>
        </test-method> <!-- beforeMethod -->
        <test-method signature="verifyUnSuccessfulLogin(java.lang.String,java.lang.String)[pri:2, instance:execute.page.classes.LoginPageTestClass@2c1156a7]" started-at="2023-07-05T21:55:17 IST" name="verifyUnSuccessfulLogin" data-provider="UnsuccessfulLoginDp" finished-at="2023-07-05T21:55:17 IST" duration-ms="856" status="PASS">
          <params>
            <param index="0">
              <value>
                <![CDATA[amin]]>
              </value>
            </param>
            <param index="1">
              <value>
                <![CDATA[123]]>
              </value>
            </param>
          </params>
          <reporter-output>
          </reporter-output>
        </test-method> <!-- verifyUnSuccessfulLogin -->
        <test-method is-config="true" signature="afterMethod(org.testng.ITestResult)[pri:0, instance:execute.page.classes.LoginPageTestClass@2c1156a7]" started-at="2023-07-05T21:55:18 IST" name="afterMethod" finished-at="2023-07-05T21:55:18 IST" duration-ms="707" status="PASS">
          <params>
            <param index="0">
              <value>
                <![CDATA[[TestResult name=verifyUnSuccessfulLogin status=SUCCESS method=LoginPageTestClass.verifyUnSuccessfulLogin(java.lang.String,java.lang.String)[pri:2, instance:execute.page.classes.LoginPageTestClass@2c1156a7] output={null}]]]>
              </value>
            </param>
          </params>
          <reporter-output>
          </reporter-output>
        </test-method> <!-- afterMethod -->
        <test-method is-config="true" signature="beforeMethod(java.lang.String)[pri:0, instance:execute.page.classes.LoginPageTestClass@2c1156a7]" started-at="2023-07-05T21:55:18 IST" name="beforeMethod" finished-at="2023-07-05T21:55:24 IST" duration-ms="5954" status="PASS">
          <params>
            <param index="0">
              <value>
                <![CDATA[chrome]]>
              </value>
            </param>
          </params>
          <reporter-output>
          </reporter-output>
        </test-method> <!-- beforeMethod -->
        <test-method signature="verifyRemenberMeCheckboxIsSelectedOrNotByDefault()[pri:3, instance:execute.page.classes.LoginPageTestClass@2c1156a7]" started-at="2023-07-05T21:55:24 IST" name="verifyRemenberMeCheckboxIsSelectedOrNotByDefault" finished-at="2023-07-05T21:55:24 IST" duration-ms="51" status="PASS">
          <reporter-output>
          </reporter-output>
        </test-method> <!-- verifyRemenberMeCheckboxIsSelectedOrNotByDefault -->
        <test-method is-config="true" signature="afterMethod(org.testng.ITestResult)[pri:0, instance:execute.page.classes.LoginPageTestClass@2c1156a7]" started-at="2023-07-05T21:55:24 IST" name="afterMethod" finished-at="2023-07-05T21:55:25 IST" duration-ms="708" status="PASS">
          <params>
            <param index="0">
              <value>
                <![CDATA[[TestResult name=verifyRemenberMeCheckboxIsSelectedOrNotByDefault status=SUCCESS method=LoginPageTestClass.verifyRemenberMeCheckboxIsSelectedOrNotByDefault()[pri:3, instance:execute.page.classes.LoginPageTestClass@2c1156a7] output={null}]]]>
              </value>
            </param>
          </params>
          <reporter-output>
          </reporter-output>
        </test-method> <!-- afterMethod -->
      </class> <!-- execute.page.classes.LoginPageTestClass -->
      <class name="execute.page.classes.HomePageTestClass">
        <test-method is-config="true" signature="beforeMethod(java.lang.String)[pri:0, instance:execute.page.classes.HomePageTestClass@487db668]" started-at="2023-07-05T21:55:25 IST" name="beforeMethod" finished-at="2023-07-05T21:55:31 IST" duration-ms="5725" status="PASS">
          <params>
            <param index="0">
              <value>
                <![CDATA[chrome]]>
              </value>
            </param>
          </params>
          <reporter-output>
          </reporter-output>
        </test-method> <!-- beforeMethod -->
        <test-method signature="verifyAllTilesAreDisplyedOrNotInHomePage()[pri:0, instance:execute.page.classes.HomePageTestClass@487db668]" started-at="2023-07-05T21:55:31 IST" name="verifyAllTilesAreDisplyedOrNotInHomePage" finished-at="2023-07-05T21:55:34 IST" duration-ms="3161" status="PASS">
          <reporter-output>
          </reporter-output>
        </test-method> <!-- verifyAllTilesAreDisplyedOrNotInHomePage -->
        <test-method is-config="true" signature="afterMethod(org.testng.ITestResult)[pri:0, instance:execute.page.classes.HomePageTestClass@487db668]" started-at="2023-07-05T21:55:34 IST" name="afterMethod" finished-at="2023-07-05T21:55:35 IST" duration-ms="761" status="PASS">
          <params>
            <param index="0">
              <value>
                <![CDATA[[TestResult name=verifyAllTilesAreDisplyedOrNotInHomePage status=SUCCESS method=HomePageTestClass.verifyAllTilesAreDisplyedOrNotInHomePage()[pri:0, instance:execute.page.classes.HomePageTestClass@487db668] output={null}]]]>
              </value>
            </param>
          </params>
          <reporter-output>
          </reporter-output>
        </test-method> <!-- afterMethod -->
      </class> <!-- execute.page.classes.HomePageTestClass -->
      <class name="execute.page.classes.ExpenseCatogoryPageTestClass">
        <test-method is-config="true" signature="beforeMethod(java.lang.String)[pri:0, instance:execute.page.classes.ExpenseCatogoryPageTestClass@63798ca7]" started-at="2023-07-05T21:56:27 IST" name="beforeMethod" finished-at="2023-07-05T21:56:34 IST" duration-ms="6471" status="PASS">
          <params>
            <param index="0">
              <value>
                <![CDATA[chrome]]>
              </value>
            </param>
          </params>
          <reporter-output>
          </reporter-output>
        </test-method> <!-- beforeMethod -->
        <test-method signature="verifyManageExpenceCatogoryPageIsDisplayedOrNot()[pri:1, instance:execute.page.classes.ExpenseCatogoryPageTestClass@63798ca7]" started-at="2023-07-05T21:56:34 IST" name="verifyManageExpenceCatogoryPageIsDisplayedOrNot" finished-at="2023-07-05T21:56:36 IST" duration-ms="2400" status="PASS">
          <reporter-output>
          </reporter-output>
        </test-method> <!-- verifyManageExpenceCatogoryPageIsDisplayedOrNot -->
        <test-method is-config="true" signature="afterMethod(org.testng.ITestResult)[pri:0, instance:execute.page.classes.ExpenseCatogoryPageTestClass@63798ca7]" started-at="2023-07-05T21:56:36 IST" name="afterMethod" finished-at="2023-07-05T21:56:37 IST" duration-ms="896" status="PASS">
          <params>
            <param index="0">
              <value>
                <![CDATA[[TestResult name=verifyManageExpenceCatogoryPageIsDisplayedOrNot status=SUCCESS method=ExpenseCatogoryPageTestClass.verifyManageExpenceCatogoryPageIsDisplayedOrNot()[pri:1, instance:execute.page.classes.ExpenseCatogoryPageTestClass@63798ca7] output={null}]]]>
              </value>
            </param>
          </params>
          <reporter-output>
          </reporter-output>
        </test-method> <!-- afterMethod -->
        <test-method is-config="true" signature="beforeMethod(java.lang.String)[pri:0, instance:execute.page.classes.ExpenseCatogoryPageTestClass@63798ca7]" started-at="2023-07-05T21:56:37 IST" name="beforeMethod" finished-at="2023-07-05T21:56:42 IST" duration-ms="5351" status="PASS">
          <params>
            <param index="0">
              <value>
                <![CDATA[chrome]]>
              </value>
            </param>
          </params>
          <reporter-output>
          </reporter-output>
        </test-method> <!-- beforeMethod -->
        <test-method signature="verifyToCreateNewExpense()[pri:2, instance:execute.page.classes.ExpenseCatogoryPageTestClass@63798ca7]" started-at="2023-07-05T21:56:42 IST" name="verifyToCreateNewExpense" finished-at="2023-07-05T21:56:45 IST" duration-ms="2939" status="PASS">
          <reporter-output>
          </reporter-output>
        </test-method> <!-- verifyToCreateNewExpense -->
        <test-method is-config="true" signature="afterMethod(org.testng.ITestResult)[pri:0, instance:execute.page.classes.ExpenseCatogoryPageTestClass@63798ca7]" started-at="2023-07-05T21:56:45 IST" name="afterMethod" finished-at="2023-07-05T21:56:46 IST" duration-ms="698" status="PASS">
          <params>
            <param index="0">
              <value>
                <![CDATA[[TestResult name=verifyToCreateNewExpense status=SUCCESS method=ExpenseCatogoryPageTestClass.verifyToCreateNewExpense()[pri:2, instance:execute.page.classes.ExpenseCatogoryPageTestClass@63798ca7] output={null}]]]>
              </value>
            </param>
          </params>
          <reporter-output>
          </reporter-output>
        </test-method> <!-- afterMethod -->
        <test-method is-config="true" signature="beforeMethod(java.lang.String)[pri:0, instance:execute.page.classes.ExpenseCatogoryPageTestClass@63798ca7]" started-at="2023-07-05T21:56:46 IST" name="beforeMethod" finished-at="2023-07-05T21:56:52 IST" duration-ms="5994" status="PASS">
          <params>
            <param index="0">
              <value>
                <![CDATA[chrome]]>
              </value>
            </param>
          </params>
          <reporter-output>
          </reporter-output>
        </test-method> <!-- beforeMethod -->
        <test-method signature="verifyToSearchCreatedExpense()[pri:3, instance:execute.page.classes.ExpenseCatogoryPageTestClass@63798ca7]" started-at="2023-07-05T21:56:52 IST" name="verifyToSearchCreatedExpense" finished-at="2023-07-05T21:56:54 IST" duration-ms="2354" status="PASS">
          <reporter-output>
          </reporter-output>
        </test-method> <!-- verifyToSearchCreatedExpense -->
        <test-method is-config="true" signature="afterMethod(org.testng.ITestResult)[pri:0, instance:execute.page.classes.ExpenseCatogoryPageTestClass@63798ca7]" started-at="2023-07-05T21:56:54 IST" name="afterMethod" finished-at="2023-07-05T21:56:55 IST" duration-ms="733" status="PASS">
          <params>
            <param index="0">
              <value>
                <![CDATA[[TestResult name=verifyToSearchCreatedExpense status=SUCCESS method=ExpenseCatogoryPageTestClass.verifyToSearchCreatedExpense()[pri:3, instance:execute.page.classes.ExpenseCatogoryPageTestClass@63798ca7] output={null}]]]>
              </value>
            </param>
          </params>
          <reporter-output>
          </reporter-output>
        </test-method> <!-- afterMethod -->
        <test-method is-config="true" signature="beforeMethod(java.lang.String)[pri:0, instance:execute.page.classes.ExpenseCatogoryPageTestClass@63798ca7]" started-at="2023-07-05T21:56:55 IST" name="beforeMethod" finished-at="2023-07-05T21:57:01 IST" duration-ms="6069" status="PASS">
          <params>
            <param index="0">
              <value>
                <![CDATA[chrome]]>
              </value>
            </param>
          </params>
          <reporter-output>
          </reporter-output>
        </test-method> <!-- beforeMethod -->
        <test-method signature="verifyToDeleteCreatedExpense()[pri:4, instance:execute.page.classes.ExpenseCatogoryPageTestClass@63798ca7]" started-at="2023-07-05T21:57:01 IST" name="verifyToDeleteCreatedExpense" finished-at="2023-07-05T21:57:04 IST" duration-ms="2567" status="PASS">
          <reporter-output>
          </reporter-output>
        </test-method> <!-- verifyToDeleteCreatedExpense -->
        <test-method is-config="true" signature="afterMethod(org.testng.ITestResult)[pri:0, instance:execute.page.classes.ExpenseCatogoryPageTestClass@63798ca7]" started-at="2023-07-05T21:57:04 IST" name="afterMethod" finished-at="2023-07-05T21:57:04 IST" duration-ms="769" status="PASS">
          <params>
            <param index="0">
              <value>
                <![CDATA[[TestResult name=verifyToDeleteCreatedExpense status=SUCCESS method=ExpenseCatogoryPageTestClass.verifyToDeleteCreatedExpense()[pri:4, instance:execute.page.classes.ExpenseCatogoryPageTestClass@63798ca7] output={null}]]]>
              </value>
            </param>
          </params>
          <reporter-output>
          </reporter-output>
        </test-method> <!-- afterMethod -->
      </class> <!-- execute.page.classes.ExpenseCatogoryPageTestClass -->
      <class name="execute.page.classes.ManageExpensePageTestClass">
        <test-method is-config="true" signature="beforeMethod(java.lang.String)[pri:0, instance:execute.page.classes.ManageExpensePageTestClass@46944ca9]" started-at="2023-07-05T21:55:35 IST" name="beforeMethod" finished-at="2023-07-05T21:55:40 IST" duration-ms="5665" status="PASS">
          <params>
            <param index="0">
              <value>
                <![CDATA[chrome]]>
              </value>
            </param>
          </params>
          <reporter-output>
          </reporter-output>
        </test-method> <!-- beforeMethod -->
        <test-method signature="verifyManageExpencePageIsDisplayedOrNot()[pri:1, instance:execute.page.classes.ManageExpensePageTestClass@46944ca9]" started-at="2023-07-05T21:55:40 IST" name="verifyManageExpencePageIsDisplayedOrNot" finished-at="2023-07-05T21:55:42 IST" duration-ms="1931" status="PASS">
          <reporter-output>
          </reporter-output>
        </test-method> <!-- verifyManageExpencePageIsDisplayedOrNot -->
        <test-method is-config="true" signature="afterMethod(org.testng.ITestResult)[pri:0, instance:execute.page.classes.ManageExpensePageTestClass@46944ca9]" started-at="2023-07-05T21:55:42 IST" name="afterMethod" finished-at="2023-07-05T21:55:43 IST" duration-ms="727" status="PASS">
          <params>
            <param index="0">
              <value>
                <![CDATA[[TestResult name=verifyManageExpencePageIsDisplayedOrNot status=SUCCESS method=ManageExpensePageTestClass.verifyManageExpencePageIsDisplayedOrNot()[pri:1, instance:execute.page.classes.ManageExpensePageTestClass@46944ca9] output={null}]]]>
              </value>
            </param>
          </params>
          <reporter-output>
          </reporter-output>
        </test-method> <!-- afterMethod -->
        <test-method is-config="true" signature="beforeMethod(java.lang.String)[pri:0, instance:execute.page.classes.ManageExpensePageTestClass@46944ca9]" started-at="2023-07-05T21:55:43 IST" name="beforeMethod" finished-at="2023-07-05T21:55:50 IST" duration-ms="6679" status="PASS">
          <params>
            <param index="0">
              <value>
                <![CDATA[chrome]]>
              </value>
            </param>
          </params>
          <reporter-output>
          </reporter-output>
        </test-method> <!-- beforeMethod -->
        <test-method signature="verifyToCreateNewManageExpense()[pri:2, instance:execute.page.classes.ManageExpensePageTestClass@46944ca9]" started-at="2023-07-05T21:55:50 IST" name="verifyToCreateNewManageExpense" finished-at="2023-07-05T21:56:04 IST" duration-ms="14265" status="PASS">
          <reporter-output>
          </reporter-output>
        </test-method> <!-- verifyToCreateNewManageExpense -->
        <test-method is-config="true" signature="afterMethod(org.testng.ITestResult)[pri:0, instance:execute.page.classes.ManageExpensePageTestClass@46944ca9]" started-at="2023-07-05T21:56:04 IST" name="afterMethod" finished-at="2023-07-05T21:56:05 IST" duration-ms="1268" status="PASS">
          <params>
            <param index="0">
              <value>
                <![CDATA[[TestResult name=verifyToCreateNewManageExpense status=SUCCESS method=ManageExpensePageTestClass.verifyToCreateNewManageExpense()[pri:2, instance:execute.page.classes.ManageExpensePageTestClass@46944ca9] output={null}]]]>
              </value>
            </param>
          </params>
          <reporter-output>
          </reporter-output>
        </test-method> <!-- afterMethod -->
        <test-method is-config="true" signature="beforeMethod(java.lang.String)[pri:0, instance:execute.page.classes.ManageExpensePageTestClass@46944ca9]" started-at="2023-07-05T21:56:05 IST" name="beforeMethod" finished-at="2023-07-05T21:56:13 IST" duration-ms="7836" status="PASS">
          <params>
            <param index="0">
              <value>
                <![CDATA[chrome]]>
              </value>
            </param>
          </params>
          <reporter-output>
          </reporter-output>
        </test-method> <!-- beforeMethod -->
        <test-method signature="verifyToSearchCreatedManageExpense()[pri:3, instance:execute.page.classes.ManageExpensePageTestClass@46944ca9]" started-at="2023-07-05T21:56:13 IST" name="verifyToSearchCreatedManageExpense" finished-at="2023-07-05T21:56:17 IST" duration-ms="3735" status="PASS">
          <reporter-output>
          </reporter-output>
        </test-method> <!-- verifyToSearchCreatedManageExpense -->
        <test-method is-config="true" signature="afterMethod(org.testng.ITestResult)[pri:0, instance:execute.page.classes.ManageExpensePageTestClass@46944ca9]" started-at="2023-07-05T21:56:17 IST" name="afterMethod" finished-at="2023-07-05T21:56:17 IST" duration-ms="727" status="PASS">
          <params>
            <param index="0">
              <value>
                <![CDATA[[TestResult name=verifyToSearchCreatedManageExpense status=SUCCESS method=ManageExpensePageTestClass.verifyToSearchCreatedManageExpense()[pri:3, instance:execute.page.classes.ManageExpensePageTestClass@46944ca9] output={null}]]]>
              </value>
            </param>
          </params>
          <reporter-output>
          </reporter-output>
        </test-method> <!-- afterMethod -->
      </class> <!-- execute.page.classes.ManageExpensePageTestClass -->
    </test> <!-- ChromeTest -->
    <test started-at="2023-07-05T21:57:05 IST" name="EdgeTest" finished-at="2023-07-05T21:59:48 IST" duration-ms="162390">
      <class name="execute.page.classes.ManageProductPageTestClass">
        <test-method is-config="true" signature="beforeMethod(java.lang.String)[pri:0, instance:execute.page.classes.ManageProductPageTestClass@1852a3ff]" started-at="2023-07-05T21:58:56 IST" name="beforeMethod" finished-at="2023-07-05T21:59:02 IST" duration-ms="6299" status="PASS">
          <params>
            <param index="0">
              <value>
                <![CDATA[Edge]]>
              </value>
            </param>
          </params>
          <reporter-output>
          </reporter-output>
        </test-method> <!-- beforeMethod -->
        <test-method signature="verifyToSearchCreatedExpense()[pri:0, instance:execute.page.classes.ManageProductPageTestClass@1852a3ff]" started-at="2023-07-05T21:59:02 IST" name="verifyToSearchCreatedExpense" finished-at="2023-07-05T21:59:05 IST" duration-ms="2301" status="PASS">
          <reporter-output>
          </reporter-output>
        </test-method> <!-- verifyToSearchCreatedExpense -->
        <test-method is-config="true" signature="afterMethod(org.testng.ITestResult)[pri:0, instance:execute.page.classes.ManageProductPageTestClass@1852a3ff]" started-at="2023-07-05T21:59:05 IST" name="afterMethod" finished-at="2023-07-05T21:59:06 IST" duration-ms="807" status="PASS">
          <params>
            <param index="0">
              <value>
                <![CDATA[[TestResult name=verifyToSearchCreatedExpense status=SUCCESS method=ManageProductPageTestClass.verifyToSearchCreatedExpense()[pri:0, instance:execute.page.classes.ManageProductPageTestClass@1852a3ff] output={null}]]]>
              </value>
            </param>
          </params>
          <reporter-output>
          </reporter-output>
        </test-method> <!-- afterMethod -->
      </class> <!-- execute.page.classes.ManageProductPageTestClass -->
      <class name="execute.page.classes.LoginPageTestClass">
        <test-method is-config="true" signature="createReport(org.testng.ITestContext)[pri:0, instance:execute.page.classes.LoginPageTestClass@55dfcc6]" started-at="2023-07-05T21:54:16 IST" name="createReport" finished-at="2023-07-05T21:54:16 IST" duration-ms="42" status="PASS">
          <params>
            <param index="0">
              <value>
                <![CDATA[org.testng.TestRunner@5f84e764]]>
              </value>
            </param>
          </params>
          <reporter-output>
          </reporter-output>
        </test-method> <!-- createReport -->
        <test-method is-config="true" signature="beforeMethod(java.lang.String)[pri:0, instance:execute.page.classes.LoginPageTestClass@55dfcc6]" started-at="2023-07-05T21:57:05 IST" name="beforeMethod" finished-at="2023-07-05T21:57:26 IST" duration-ms="20478" status="PASS">
          <params>
            <param index="0">
              <value>
                <![CDATA[Edge]]>
              </value>
            </param>
          </params>
          <reporter-output>
          </reporter-output>
        </test-method> <!-- beforeMethod -->
        <test-method signature="verifySuccessfulLogin(java.lang.String,java.lang.String)[pri:1, instance:execute.page.classes.LoginPageTestClass@55dfcc6]" started-at="2023-07-05T21:57:26 IST" name="verifySuccessfulLogin" data-provider="SuccessfulLoginDp" finished-at="2023-07-05T21:57:28 IST" duration-ms="1975" status="PASS">
          <params>
            <param index="0">
              <value>
                <![CDATA[admin]]>
              </value>
            </param>
            <param index="1">
              <value>
                <![CDATA[admin]]>
              </value>
            </param>
          </params>
          <reporter-output>
          </reporter-output>
        </test-method> <!-- verifySuccessfulLogin -->
        <test-method is-config="true" signature="afterMethod(org.testng.ITestResult)[pri:0, instance:execute.page.classes.LoginPageTestClass@55dfcc6]" started-at="2023-07-05T21:57:28 IST" name="afterMethod" finished-at="2023-07-05T21:57:29 IST" duration-ms="798" status="PASS">
          <params>
            <param index="0">
              <value>
                <![CDATA[[TestResult name=verifySuccessfulLogin status=SUCCESS method=LoginPageTestClass.verifySuccessfulLogin(java.lang.String,java.lang.String)[pri:1, instance:execute.page.classes.LoginPageTestClass@55dfcc6] output={null}]]]>
              </value>
            </param>
          </params>
          <reporter-output>
          </reporter-output>
        </test-method> <!-- afterMethod -->
        <test-method is-config="true" signature="beforeMethod(java.lang.String)[pri:0, instance:execute.page.classes.LoginPageTestClass@55dfcc6]" started-at="2023-07-05T21:57:29 IST" name="beforeMethod" finished-at="2023-07-05T21:57:37 IST" duration-ms="7892" status="PASS">
          <params>
            <param index="0">
              <value>
                <![CDATA[Edge]]>
              </value>
            </param>
          </params>
          <reporter-output>
          </reporter-output>
        </test-method> <!-- beforeMethod -->
        <test-method signature="verifyUnSuccessfulLogin(java.lang.String,java.lang.String)[pri:2, instance:execute.page.classes.LoginPageTestClass@55dfcc6]" started-at="2023-07-05T21:57:37 IST" name="verifyUnSuccessfulLogin" data-provider="UnsuccessfulLoginDp" finished-at="2023-07-05T21:57:37 IST" duration-ms="832" status="PASS">
          <params>
            <param index="0">
              <value>
                <![CDATA[admin]]>
              </value>
            </param>
            <param index="1">
              <value>
                <![CDATA[1234]]>
              </value>
            </param>
          </params>
          <reporter-output>
          </reporter-output>
        </test-method> <!-- verifyUnSuccessfulLogin -->
        <test-method is-config="true" signature="afterMethod(org.testng.ITestResult)[pri:0, instance:execute.page.classes.LoginPageTestClass@55dfcc6]" started-at="2023-07-05T21:57:37 IST" name="afterMethod" finished-at="2023-07-05T21:57:38 IST" duration-ms="793" status="PASS">
          <params>
            <param index="0">
              <value>
                <![CDATA[[TestResult name=verifyUnSuccessfulLogin status=SUCCESS method=LoginPageTestClass.verifyUnSuccessfulLogin(java.lang.String,java.lang.String)[pri:2, instance:execute.page.classes.LoginPageTestClass@55dfcc6] output={null}]]]>
              </value>
            </param>
          </params>
          <reporter-output>
          </reporter-output>
        </test-method> <!-- afterMethod -->
        <test-method is-config="true" signature="beforeMethod(java.lang.String)[pri:0, instance:execute.page.classes.LoginPageTestClass@55dfcc6]" started-at="2023-07-05T21:57:38 IST" name="beforeMethod" finished-at="2023-07-05T21:57:46 IST" duration-ms="7696" status="PASS">
          <params>
            <param index="0">
              <value>
                <![CDATA[Edge]]>
              </value>
            </param>
          </params>
          <reporter-output>
          </reporter-output>
        </test-method> <!-- beforeMethod -->
        <test-method signature="verifyUnSuccessfulLogin(java.lang.String,java.lang.String)[pri:2, instance:execute.page.classes.LoginPageTestClass@55dfcc6]" started-at="2023-07-05T21:57:46 IST" name="verifyUnSuccessfulLogin" data-provider="UnsuccessfulLoginDp" finished-at="2023-07-05T21:57:47 IST" duration-ms="771" status="PASS">
          <params>
            <param index="0">
              <value>
                <![CDATA[welcome]]>
              </value>
            </param>
            <param index="1">
              <value>
                <![CDATA[admin]]>
              </value>
            </param>
          </params>
          <reporter-output>
          </reporter-output>
        </test-method> <!-- verifyUnSuccessfulLogin -->
        <test-method is-config="true" signature="afterMethod(org.testng.ITestResult)[pri:0, instance:execute.page.classes.LoginPageTestClass@55dfcc6]" started-at="2023-07-05T21:57:47 IST" name="afterMethod" finished-at="2023-07-05T21:57:48 IST" duration-ms="831" status="PASS">
          <params>
            <param index="0">
              <value>
                <![CDATA[[TestResult name=verifyUnSuccessfulLogin status=SUCCESS method=LoginPageTestClass.verifyUnSuccessfulLogin(java.lang.String,java.lang.String)[pri:2, instance:execute.page.classes.LoginPageTestClass@55dfcc6] output={null}]]]>
              </value>
            </param>
          </params>
          <reporter-output>
          </reporter-output>
        </test-method> <!-- afterMethod -->
        <test-method is-config="true" signature="beforeMethod(java.lang.String)[pri:0, instance:execute.page.classes.LoginPageTestClass@55dfcc6]" started-at="2023-07-05T21:57:48 IST" name="beforeMethod" finished-at="2023-07-05T21:57:55 IST" duration-ms="7099" status="PASS">
          <params>
            <param index="0">
              <value>
                <![CDATA[Edge]]>
              </value>
            </param>
          </params>
          <reporter-output>
          </reporter-output>
        </test-method> <!-- beforeMethod -->
        <test-method signature="verifyUnSuccessfulLogin(java.lang.String,java.lang.String)[pri:2, instance:execute.page.classes.LoginPageTestClass@55dfcc6]" started-at="2023-07-05T21:57:55 IST" name="verifyUnSuccessfulLogin" data-provider="UnsuccessfulLoginDp" finished-at="2023-07-05T21:57:55 IST" duration-ms="611" status="PASS">
          <params>
            <param index="0">
              <value>
                <![CDATA[amin]]>
              </value>
            </param>
            <param index="1">
              <value>
                <![CDATA[123]]>
              </value>
            </param>
          </params>
          <reporter-output>
          </reporter-output>
        </test-method> <!-- verifyUnSuccessfulLogin -->
        <test-method is-config="true" signature="afterMethod(org.testng.ITestResult)[pri:0, instance:execute.page.classes.LoginPageTestClass@55dfcc6]" started-at="2023-07-05T21:57:55 IST" name="afterMethod" finished-at="2023-07-05T21:57:56 IST" duration-ms="789" status="PASS">
          <params>
            <param index="0">
              <value>
                <![CDATA[[TestResult name=verifyUnSuccessfulLogin status=SUCCESS method=LoginPageTestClass.verifyUnSuccessfulLogin(java.lang.String,java.lang.String)[pri:2, instance:execute.page.classes.LoginPageTestClass@55dfcc6] output={null}]]]>
              </value>
            </param>
          </params>
          <reporter-output>
          </reporter-output>
        </test-method> <!-- afterMethod -->
        <test-method is-config="true" signature="beforeMethod(java.lang.String)[pri:0, instance:execute.page.classes.LoginPageTestClass@55dfcc6]" started-at="2023-07-05T21:57:56 IST" name="beforeMethod" finished-at="2023-07-05T21:58:04 IST" duration-ms="7819" status="PASS">
          <params>
            <param index="0">
              <value>
                <![CDATA[Edge]]>
              </value>
            </param>
          </params>
          <reporter-output>
          </reporter-output>
        </test-method> <!-- beforeMethod -->
        <test-method signature="verifyRemenberMeCheckboxIsSelectedOrNotByDefault()[pri:3, instance:execute.page.classes.LoginPageTestClass@55dfcc6]" started-at="2023-07-05T21:58:04 IST" name="verifyRemenberMeCheckboxIsSelectedOrNotByDefault" finished-at="2023-07-05T21:58:04 IST" duration-ms="60" status="PASS">
          <reporter-output>
          </reporter-output>
        </test-method> <!-- verifyRemenberMeCheckboxIsSelectedOrNotByDefault -->
        <test-method is-config="true" signature="afterMethod(org.testng.ITestResult)[pri:0, instance:execute.page.classes.LoginPageTestClass@55dfcc6]" started-at="2023-07-05T21:58:04 IST" name="afterMethod" finished-at="2023-07-05T21:58:05 IST" duration-ms="764" status="PASS">
          <params>
            <param index="0">
              <value>
                <![CDATA[[TestResult name=verifyRemenberMeCheckboxIsSelectedOrNotByDefault status=SUCCESS method=LoginPageTestClass.verifyRemenberMeCheckboxIsSelectedOrNotByDefault()[pri:3, instance:execute.page.classes.LoginPageTestClass@55dfcc6] output={null}]]]>
              </value>
            </param>
          </params>
          <reporter-output>
          </reporter-output>
        </test-method> <!-- afterMethod -->
      </class> <!-- execute.page.classes.LoginPageTestClass -->
      <class name="execute.page.classes.HomePageTestClass">
        <test-method is-config="true" signature="beforeMethod(java.lang.String)[pri:0, instance:execute.page.classes.HomePageTestClass@222eb8aa]" started-at="2023-07-05T21:58:05 IST" name="beforeMethod" finished-at="2023-07-05T21:58:12 IST" duration-ms="7427" status="PASS">
          <params>
            <param index="0">
              <value>
                <![CDATA[Edge]]>
              </value>
            </param>
          </params>
          <reporter-output>
          </reporter-output>
        </test-method> <!-- beforeMethod -->
        <test-method signature="verifyAllTilesAreDisplyedOrNotInHomePage()[pri:0, instance:execute.page.classes.HomePageTestClass@222eb8aa]" started-at="2023-07-05T21:58:12 IST" name="verifyAllTilesAreDisplyedOrNotInHomePage" finished-at="2023-07-05T21:58:14 IST" duration-ms="1838" status="PASS">
          <reporter-output>
          </reporter-output>
        </test-method> <!-- verifyAllTilesAreDisplyedOrNotInHomePage -->
        <test-method is-config="true" signature="afterMethod(org.testng.ITestResult)[pri:0, instance:execute.page.classes.HomePageTestClass@222eb8aa]" started-at="2023-07-05T21:58:14 IST" name="afterMethod" finished-at="2023-07-05T21:58:15 IST" duration-ms="787" status="PASS">
          <params>
            <param index="0">
              <value>
                <![CDATA[[TestResult name=verifyAllTilesAreDisplyedOrNotInHomePage status=SUCCESS method=HomePageTestClass.verifyAllTilesAreDisplyedOrNotInHomePage()[pri:0, instance:execute.page.classes.HomePageTestClass@222eb8aa] output={null}]]]>
              </value>
            </param>
          </params>
          <reporter-output>
          </reporter-output>
        </test-method> <!-- afterMethod -->
      </class> <!-- execute.page.classes.HomePageTestClass -->
      <class name="execute.page.classes.ExpenseCatogoryPageTestClass">
        <test-method is-config="true" signature="beforeMethod(java.lang.String)[pri:0, instance:execute.page.classes.ExpenseCatogoryPageTestClass@7203c7ff]" started-at="2023-07-05T21:59:06 IST" name="beforeMethod" finished-at="2023-07-05T21:59:13 IST" duration-ms="6955" status="PASS">
          <params>
            <param index="0">
              <value>
                <![CDATA[Edge]]>
              </value>
            </param>
          </params>
          <reporter-output>
          </reporter-output>
        </test-method> <!-- beforeMethod -->
        <test-method signature="verifyManageExpenceCatogoryPageIsDisplayedOrNot()[pri:1, instance:execute.page.classes.ExpenseCatogoryPageTestClass@7203c7ff]" started-at="2023-07-05T21:59:13 IST" name="verifyManageExpenceCatogoryPageIsDisplayedOrNot" finished-at="2023-07-05T21:59:14 IST" duration-ms="1875" status="PASS">
          <reporter-output>
          </reporter-output>
        </test-method> <!-- verifyManageExpenceCatogoryPageIsDisplayedOrNot -->
        <test-method is-config="true" signature="afterMethod(org.testng.ITestResult)[pri:0, instance:execute.page.classes.ExpenseCatogoryPageTestClass@7203c7ff]" started-at="2023-07-05T21:59:14 IST" name="afterMethod" finished-at="2023-07-05T21:59:15 IST" duration-ms="827" status="PASS">
          <params>
            <param index="0">
              <value>
                <![CDATA[[TestResult name=verifyManageExpenceCatogoryPageIsDisplayedOrNot status=SUCCESS method=ExpenseCatogoryPageTestClass.verifyManageExpenceCatogoryPageIsDisplayedOrNot()[pri:1, instance:execute.page.classes.ExpenseCatogoryPageTestClass@7203c7ff] output={null}]]]>
              </value>
            </param>
          </params>
          <reporter-output>
          </reporter-output>
        </test-method> <!-- afterMethod -->
        <test-method is-config="true" signature="beforeMethod(java.lang.String)[pri:0, instance:execute.page.classes.ExpenseCatogoryPageTestClass@7203c7ff]" started-at="2023-07-05T21:59:15 IST" name="beforeMethod" finished-at="2023-07-05T21:59:21 IST" duration-ms="6039" status="PASS">
          <params>
            <param index="0">
              <value>
                <![CDATA[Edge]]>
              </value>
            </param>
          </params>
          <reporter-output>
          </reporter-output>
        </test-method> <!-- beforeMethod -->
        <test-method signature="verifyToCreateNewExpense()[pri:2, instance:execute.page.classes.ExpenseCatogoryPageTestClass@7203c7ff]" started-at="2023-07-05T21:59:21 IST" name="verifyToCreateNewExpense" finished-at="2023-07-05T21:59:24 IST" duration-ms="3065" status="PASS">
          <reporter-output>
          </reporter-output>
        </test-method> <!-- verifyToCreateNewExpense -->
        <test-method is-config="true" signature="afterMethod(org.testng.ITestResult)[pri:0, instance:execute.page.classes.ExpenseCatogoryPageTestClass@7203c7ff]" started-at="2023-07-05T21:59:24 IST" name="afterMethod" finished-at="2023-07-05T21:59:25 IST" duration-ms="860" status="PASS">
          <params>
            <param index="0">
              <value>
                <![CDATA[[TestResult name=verifyToCreateNewExpense status=SUCCESS method=ExpenseCatogoryPageTestClass.verifyToCreateNewExpense()[pri:2, instance:execute.page.classes.ExpenseCatogoryPageTestClass@7203c7ff] output={null}]]]>
              </value>
            </param>
          </params>
          <reporter-output>
          </reporter-output>
        </test-method> <!-- afterMethod -->
        <test-method is-config="true" signature="beforeMethod(java.lang.String)[pri:0, instance:execute.page.classes.ExpenseCatogoryPageTestClass@7203c7ff]" started-at="2023-07-05T21:59:25 IST" name="beforeMethod" finished-at="2023-07-05T21:59:33 IST" duration-ms="7490" status="PASS">
          <params>
            <param index="0">
              <value>
                <![CDATA[Edge]]>
              </value>
            </param>
          </params>
          <reporter-output>
          </reporter-output>
        </test-method> <!-- beforeMethod -->
        <test-method signature="verifyToSearchCreatedExpense()[pri:3, instance:execute.page.classes.ExpenseCatogoryPageTestClass@7203c7ff]" started-at="2023-07-05T21:59:33 IST" name="verifyToSearchCreatedExpense" finished-at="2023-07-05T21:59:35 IST" duration-ms="2308" status="PASS">
          <reporter-output>
          </reporter-output>
        </test-method> <!-- verifyToSearchCreatedExpense -->
        <test-method is-config="true" signature="afterMethod(org.testng.ITestResult)[pri:0, instance:execute.page.classes.ExpenseCatogoryPageTestClass@7203c7ff]" started-at="2023-07-05T21:59:35 IST" name="afterMethod" finished-at="2023-07-05T21:59:36 IST" duration-ms="1433" status="PASS">
          <params>
            <param index="0">
              <value>
                <![CDATA[[TestResult name=verifyToSearchCreatedExpense status=SUCCESS method=ExpenseCatogoryPageTestClass.verifyToSearchCreatedExpense()[pri:3, instance:execute.page.classes.ExpenseCatogoryPageTestClass@7203c7ff] output={null}]]]>
              </value>
            </param>
          </params>
          <reporter-output>
          </reporter-output>
        </test-method> <!-- afterMethod -->
        <test-method is-config="true" signature="beforeMethod(java.lang.String)[pri:0, instance:execute.page.classes.ExpenseCatogoryPageTestClass@7203c7ff]" started-at="2023-07-05T21:59:36 IST" name="beforeMethod" finished-at="2023-07-05T21:59:44 IST" duration-ms="7856" status="PASS">
          <params>
            <param index="0">
              <value>
                <![CDATA[Edge]]>
              </value>
            </param>
          </params>
          <reporter-output>
          </reporter-output>
        </test-method> <!-- beforeMethod -->
        <test-method signature="verifyToDeleteCreatedExpense()[pri:4, instance:execute.page.classes.ExpenseCatogoryPageTestClass@7203c7ff]" started-at="2023-07-05T21:59:44 IST" name="verifyToDeleteCreatedExpense" finished-at="2023-07-05T21:59:47 IST" duration-ms="2794" status="PASS">
          <reporter-output>
          </reporter-output>
        </test-method> <!-- verifyToDeleteCreatedExpense -->
        <test-method is-config="true" signature="afterMethod(org.testng.ITestResult)[pri:0, instance:execute.page.classes.ExpenseCatogoryPageTestClass@7203c7ff]" started-at="2023-07-05T21:59:47 IST" name="afterMethod" finished-at="2023-07-05T21:59:48 IST" duration-ms="782" status="PASS">
          <params>
            <param index="0">
              <value>
                <![CDATA[[TestResult name=verifyToDeleteCreatedExpense status=SUCCESS method=ExpenseCatogoryPageTestClass.verifyToDeleteCreatedExpense()[pri:4, instance:execute.page.classes.ExpenseCatogoryPageTestClass@7203c7ff] output={null}]]]>
              </value>
            </param>
          </params>
          <reporter-output>
          </reporter-output>
        </test-method> <!-- afterMethod -->
      </class> <!-- execute.page.classes.ExpenseCatogoryPageTestClass -->
      <class name="execute.page.classes.ManageExpensePageTestClass">
        <test-method is-config="true" signature="beforeMethod(java.lang.String)[pri:0, instance:execute.page.classes.ManageExpensePageTestClass@93cf163]" started-at="2023-07-05T21:58:15 IST" name="beforeMethod" finished-at="2023-07-05T21:58:22 IST" duration-ms="7517" status="PASS">
          <params>
            <param index="0">
              <value>
                <![CDATA[Edge]]>
              </value>
            </param>
          </params>
          <reporter-output>
          </reporter-output>
        </test-method> <!-- beforeMethod -->
        <test-method signature="verifyManageExpencePageIsDisplayedOrNot()[pri:1, instance:execute.page.classes.ManageExpensePageTestClass@93cf163]" started-at="2023-07-05T21:58:22 IST" name="verifyManageExpencePageIsDisplayedOrNot" finished-at="2023-07-05T21:58:24 IST" duration-ms="2080" status="PASS">
          <reporter-output>
          </reporter-output>
        </test-method> <!-- verifyManageExpencePageIsDisplayedOrNot -->
        <test-method is-config="true" signature="afterMethod(org.testng.ITestResult)[pri:0, instance:execute.page.classes.ManageExpensePageTestClass@93cf163]" started-at="2023-07-05T21:58:24 IST" name="afterMethod" finished-at="2023-07-05T21:58:25 IST" duration-ms="896" status="PASS">
          <params>
            <param index="0">
              <value>
                <![CDATA[[TestResult name=verifyManageExpencePageIsDisplayedOrNot status=SUCCESS method=ManageExpensePageTestClass.verifyManageExpencePageIsDisplayedOrNot()[pri:1, instance:execute.page.classes.ManageExpensePageTestClass@93cf163] output={null}]]]>
              </value>
            </param>
          </params>
          <reporter-output>
          </reporter-output>
        </test-method> <!-- afterMethod -->
        <test-method is-config="true" signature="beforeMethod(java.lang.String)[pri:0, instance:execute.page.classes.ManageExpensePageTestClass@93cf163]" started-at="2023-07-05T21:58:25 IST" name="beforeMethod" finished-at="2023-07-05T21:58:33 IST" duration-ms="7266" status="PASS">
          <params>
            <param index="0">
              <value>
                <![CDATA[Edge]]>
              </value>
            </param>
          </params>
          <reporter-output>
          </reporter-output>
        </test-method> <!-- beforeMethod -->
        <test-method signature="verifyToCreateNewManageExpense()[pri:2, instance:execute.page.classes.ManageExpensePageTestClass@93cf163]" started-at="2023-07-05T21:58:33 IST" name="verifyToCreateNewManageExpense" finished-at="2023-07-05T21:58:42 IST" duration-ms="9954" status="PASS">
          <reporter-output>
          </reporter-output>
        </test-method> <!-- verifyToCreateNewManageExpense -->
        <test-method is-config="true" signature="afterMethod(org.testng.ITestResult)[pri:0, instance:execute.page.classes.ManageExpensePageTestClass@93cf163]" started-at="2023-07-05T21:58:42 IST" name="afterMethod" finished-at="2023-07-05T21:58:43 IST" duration-ms="808" status="PASS">
          <params>
            <param index="0">
              <value>
                <![CDATA[[TestResult name=verifyToCreateNewManageExpense status=SUCCESS method=ManageExpensePageTestClass.verifyToCreateNewManageExpense()[pri:2, instance:execute.page.classes.ManageExpensePageTestClass@93cf163] output={null}]]]>
              </value>
            </param>
          </params>
          <reporter-output>
          </reporter-output>
        </test-method> <!-- afterMethod -->
        <test-method is-config="true" signature="beforeMethod(java.lang.String)[pri:0, instance:execute.page.classes.ManageExpensePageTestClass@93cf163]" started-at="2023-07-05T21:58:43 IST" name="beforeMethod" finished-at="2023-07-05T21:58:51 IST" duration-ms="7252" status="PASS">
          <params>
            <param index="0">
              <value>
                <![CDATA[Edge]]>
              </value>
            </param>
          </params>
          <reporter-output>
          </reporter-output>
        </test-method> <!-- beforeMethod -->
        <test-method signature="verifyToSearchCreatedManageExpense()[pri:3, instance:execute.page.classes.ManageExpensePageTestClass@93cf163]" started-at="2023-07-05T21:58:51 IST" name="verifyToSearchCreatedManageExpense" finished-at="2023-07-05T21:58:55 IST" duration-ms="4820" status="PASS">
          <reporter-output>
          </reporter-output>
        </test-method> <!-- verifyToSearchCreatedManageExpense -->
        <test-method is-config="true" signature="afterMethod(org.testng.ITestResult)[pri:0, instance:execute.page.classes.ManageExpensePageTestClass@93cf163]" started-at="2023-07-05T21:58:55 IST" name="afterMethod" finished-at="2023-07-05T21:58:56 IST" duration-ms="798" status="PASS">
          <params>
            <param index="0">
              <value>
                <![CDATA[[TestResult name=verifyToSearchCreatedManageExpense status=SUCCESS method=ManageExpensePageTestClass.verifyToSearchCreatedManageExpense()[pri:3, instance:execute.page.classes.ManageExpensePageTestClass@93cf163] output={null}]]]>
              </value>
            </param>
          </params>
          <reporter-output>
          </reporter-output>
        </test-method> <!-- afterMethod -->
      </class> <!-- execute.page.classes.ManageExpensePageTestClass -->
    </test> <!-- EdgeTest -->
  </suite> <!-- Suite -->
</testng-results>
