<?xml version="1.0" encoding="UTF-8"?>
<!-- Generated by org.testng.reporters.JUnitXMLReporter -->
<testsuite ignored="0" hostname="DESKTOP-S02LODF" failures="0" tests="3" name="Default test" time="34.732" errors="0" timestamp="2023-06-26T12:57:03 IST">
  <testcase classname="execute.page.classes.ManageExpensePageTestClass" name="verifyManageExpencePageIsDisplayedOrNot" time="2.185"/>
  <testcase classname="execute.page.classes.ManageExpensePageTestClass" name="verifyToCreateNewManageExpense" time="6.156"/>
  <testcase classname="execute.page.classes.ManageExpensePageTestClass" name="verifyToSearchCreatedManageExpense" time="3.579"/>
</testsuite> <!-- Default test -->
